Using pre-set license
Built from '2020.3/staging' branch; Version is '2020.3.0f1 (c7b5465681fb) revision 13088070'; Using compiler version '192528614'; Build Type 'Release'
OS: 'Windows 10 Pro; OS build 18362.418; Version 1903; 64bit' Language: 'en' Physical Memory: 16190 MB
BatchMode: 1, IsHumanControllingUs: 0, StartBugReporterOnCrash: 0, Is64bit: 1, IsPro: 0

 COMMAND LINE ARGUMENTS:
C:\Program Files\Unity\Hub\Editor\2020.3.0f1\Editor\Unity.exe
-adb2
-batchMode
-noUpm
-name
AssetImportWorker0
-projectPath
C:/Users/David Bracer-Negron/Desktop/SANDIEGOCITYINTROTOGAMES/Bracer_David_MySideScrollerLevel
-logFile
Logs/AssetImportWorker0.log
-srvPort
55498
Successfully changed project path to: C:/Users/David Bracer-Negron/Desktop/SANDIEGOCITYINTROTOGAMES/Bracer_David_MySideScrollerLevel
C:/Users/David Bracer-Negron/Desktop/SANDIEGOCITYINTROTOGAMES/Bracer_David_MySideScrollerLevel
Using Asset Import Pipeline V2.
Refreshing native plugins compatible for Editor in 57.36 ms, found 1 plugins.
Preloading 0 native plugins for Editor in 0.00 ms.
Initialize engine version: 2020.3.0f1 (c7b5465681fb)
[Subsystems] Discovering subsystems at path C:/Program Files/Unity/Hub/Editor/2020.3.0f1/Editor/Data/Resources/UnitySubsystems
[Subsystems] Discovering subsystems at path C:/Users/David Bracer-Negron/Desktop/SANDIEGOCITYINTROTOGAMES/Bracer_David_MySideScrollerLevel/Assets
GfxDevice: creating device client; threaded=0
Direct3D:
    Version:  Direct3D 11.0 [level 11.1]
    Renderer: NVIDIA Quadro P5200 (ID=0x1bb5)
    Vendor:   
    VRAM:     16255 MB
    Driver:   27.21.14.5269
Initialize mono
Mono path[0] = 'C:/Program Files/Unity/Hub/Editor/2020.3.0f1/Editor/Data/Managed'
Mono path[1] = 'C:/Program Files/Unity/Hub/Editor/2020.3.0f1/Editor/Data/MonoBleedingEdge/lib/mono/unityjit'
Mono config path = 'C:/Program Files/Unity/Hub/Editor/2020.3.0f1/Editor/Data/MonoBleedingEdge/etc'
Using monoOptions --debugger-agent=transport=dt_socket,embedding=1,server=y,suspend=n,address=127.0.0.1:56320
Begin MonoManager ReloadAssembly
Registering precompiled unity dll's ...
Register platform support module: C:/Program Files/Unity/Hub/Editor/2020.3.0f1/Editor/Data/PlaybackEngines/WebGLSupport/UnityEditor.WebGL.Extensions.dll
Register platform support module: C:/Program Files/Unity/Hub/Editor/2020.3.0f1/Editor/Data/PlaybackEngines/WindowsStandaloneSupport/UnityEditor.WindowsStandalone.Extensions.dll
Registered in 0.002784 seconds.
Native extension for WindowsStandalone target not found
Native extension for WebGL target not found
Refreshing native plugins compatible for Editor in 53.75 ms, found 1 plugins.
Preloading 0 native plugins for Editor in 0.00 ms.
Invoked RoslynAnalysisRunner static constructor.
RoslynAnalysisRunner will not be running.
RoslynAnalysisRunner has terminated.
Mono: successfully reloaded assembly
- Completed reload, in  1.188 seconds
Platform modules already initialized, skipping
Registering precompiled user dll's ...
Registered in 0.001414 seconds.
Begin MonoManager ReloadAssembly
Native extension for WindowsStandalone target not found
Native extension for WebGL target not found
Refreshing native plugins compatible for Editor in 53.78 ms, found 1 plugins.
Preloading 0 native plugins for Editor in 0.00 ms.
Invoked RoslynAnalysisRunner static constructor.
RoslynAnalysisRunner will not be running.
RoslynAnalysisRunner has terminated.
Mono: successfully reloaded assembly
- Completed reload, in  0.933 seconds
Platform modules already initialized, skipping
========================================================================
Worker process is ready to serve import requests
Launched and connected shader compiler UnityShaderCompiler.exe after 0.05 seconds
Refreshing native plugins compatible for Editor in 0.55 ms, found 1 plugins.
Preloading 0 native plugins for Editor in 0.00 ms.
Unloading 2279 Unused Serialized files (Serialized files now loaded: 0)
System memory in use before: 109.6 MB.
System memory in use after: 109.6 MB.

Unloading 25 unused Assets to reduce memory usage. Loaded Objects now: 2726.
Total: 2.357200 ms (FindLiveObjects: 0.241200 ms CreateObjectMapping: 0.086300 ms MarkObjects: 1.889100 ms  DeleteObjects: 0.139000 ms)

========================================================================
Received Import Request.
  path: Assets/2DGamekit/Prefabs/UIPrefabs/KeyIcon.prefab
  artifactKey: Guid(87b9fdd795c49ed45b705002b45185f6) Importer(815301076,1909f56bfc062723c751e8b465ee728b)
Start importing Assets/2DGamekit/Prefabs/UIPrefabs/KeyIcon.prefab using Guid(87b9fdd795c49ed45b705002b45185f6) Importer(815301076,1909f56bfc062723c751e8b465ee728b)  -> (artifact id: '5082845bde83fd919f8e479c1042ae9b') in 0.070882 seconds
  Import took 0.075094 seconds .

========================================================================
Received Import Request.
  Time since last request: 0.000395 seconds.
  path: Assets/2DGamekit/Prefabs/UIPrefabs/UICloseButton.prefab
  artifactKey: Guid(1fb5ab3aabaef0c43ae0f9bc9882feb4) Importer(815301076,1909f56bfc062723c751e8b465ee728b)
Start importing Assets/2DGamekit/Prefabs/UIPrefabs/UICloseButton.prefab using Guid(1fb5ab3aabaef0c43ae0f9bc9882feb4) Importer(815301076,1909f56bfc062723c751e8b465ee728b)  -> (artifact id: 'f92dd838f913eeb05f172f97a653e2cd') in 0.067932 seconds
  Import took 0.071375 seconds .

========================================================================
Received Import Request.
  Time since last request: 0.000264 seconds.
  path: Assets/2DGamekit/Prefabs/UIPrefabs/KeyCanvas.prefab
  artifactKey: Guid(683597be51f41bb4cbba59294cae8b30) Importer(815301076,1909f56bfc062723c751e8b465ee728b)
Start importing Assets/2DGamekit/Prefabs/UIPrefabs/KeyCanvas.prefab using Guid(683597be51f41bb4cbba59294cae8b30) Importer(815301076,1909f56bfc062723c751e8b465ee728b)  -> (artifact id: '8d199ff6fa3e5c87b99279108df20807') in 0.012193 seconds
  Import took 0.016199 seconds .

========================================================================
Received Import Request.
  Time since last request: 0.000329 seconds.
  path: Assets/2DGamekit/Prefabs/UIPrefabs/LoadingCanvas.prefab
  artifactKey: Guid(83d0619896c6b844c852388c2502727f) Importer(815301076,1909f56bfc062723c751e8b465ee728b)
Start importing Assets/2DGamekit/Prefabs/UIPrefabs/LoadingCanvas.prefab using Guid(83d0619896c6b844c852388c2502727f) Importer(815301076,1909f56bfc062723c751e8b465ee728b)  -> (artifact id: '44eeb4075d1c9dd7d8992a1f13adec49') in 0.012304 seconds
  Import took 0.016320 seconds .

========================================================================
Received Import Request.
  Time since last request: 0.000320 seconds.
  path: Assets/2DGamekit/Prefabs/UIPrefabs/OptionsCanvas.prefab
  artifactKey: Guid(28fdaedf686cb394ba208418f1942254) Importer(815301076,1909f56bfc062723c751e8b465ee728b)
Start importing Assets/2DGamekit/Prefabs/UIPrefabs/OptionsCanvas.prefab using Guid(28fdaedf686cb394ba208418f1942254) Importer(815301076,1909f56bfc062723c751e8b465ee728b)  -> (artifact id: '7eac74eb73aefb4c467b5c59ae8f8c8a') in 0.084963 seconds
  Import took 0.089242 seconds .

========================================================================
Received Import Request.
  Time since last request: 0.000350 seconds.
  path: Assets/2DGamekit/Prefabs/UIPrefabs/UICanvas.prefab
  artifactKey: Guid(eb72f36523dcf684f9ca37da45adfa76) Importer(815301076,1909f56bfc062723c751e8b465ee728b)
Start importing Assets/2DGamekit/Prefabs/UIPrefabs/UICanvas.prefab using Guid(eb72f36523dcf684f9ca37da45adfa76) Importer(815301076,1909f56bfc062723c751e8b465ee728b)  -> (artifact id: 'f02b4c38971c4f61a745252a132501d9') in 0.052490 seconds
  Import took 0.056264 seconds .

========================================================================
Received Import Request.
  Time since last request: 0.000307 seconds.
  path: Assets/2DGamekit/Prefabs/UIPrefabs/PanelCanvas.prefab
  artifactKey: Guid(2208ab824ba66ab4eaafed9162a13177) Importer(815301076,1909f56bfc062723c751e8b465ee728b)
Start importing Assets/2DGamekit/Prefabs/UIPrefabs/PanelCanvas.prefab using Guid(2208ab824ba66ab4eaafed9162a13177) Importer(815301076,1909f56bfc062723c751e8b465ee728b)  -> (artifact id: '3a678b3f9a90420c0027eb4f164e5783') in 0.033983 seconds
  Import took 0.037817 seconds .

========================================================================
Received Import Request.
  Time since last request: 0.000281 seconds.
  path: Assets/2DGamekit/Prefabs/UIPrefabs/HealthCanvas.prefab
  artifactKey: Guid(2d2745d2a8668e644a921a4848c9bc90) Importer(815301076,1909f56bfc062723c751e8b465ee728b)
Start importing Assets/2DGamekit/Prefabs/UIPrefabs/HealthCanvas.prefab using Guid(2d2745d2a8668e644a921a4848c9bc90) Importer(815301076,1909f56bfc062723c751e8b465ee728b)  -> (artifact id: 'd28fc97ff799ea96c86517158d279eeb') in 0.010168 seconds
  Import took 0.014491 seconds .

========================================================================
Received Import Request.
  Time since last request: 0.000252 seconds.
  path: Assets/2DGamekit/Prefabs/UIPrefabs/HealthIcon.prefab
  artifactKey: Guid(5e2d966f076c6144ba1b3f112e14ede1) Importer(815301076,1909f56bfc062723c751e8b465ee728b)
Start importing Assets/2DGamekit/Prefabs/UIPrefabs/HealthIcon.prefab using Guid(5e2d966f076c6144ba1b3f112e14ede1) Importer(815301076,1909f56bfc062723c751e8b465ee728b)  -> (artifact id: 'ec0df620acb061e347332d0911ab2e3e') in 0.010900 seconds
  Import took 0.015025 seconds .

========================================================================
Received Import Request.
  Time since last request: 0.000299 seconds.
  path: Assets/2DGamekit/Prefabs/UIPrefabs/DialogueCanvas.prefab
  artifactKey: Guid(114c5f41fd4099445a42c1d9bd01f222) Importer(815301076,1909f56bfc062723c751e8b465ee728b)
Start importing Assets/2DGamekit/Prefabs/UIPrefabs/DialogueCanvas.prefab using Guid(114c5f41fd4099445a42c1d9bd01f222) Importer(815301076,1909f56bfc062723c751e8b465ee728b)  -> (artifact id: '1ed0a083f75ba96ab4d4e72501602e93') in 0.036924 seconds
  Import took 0.040537 seconds .

========================================================================
Received Import Request.
  Time since last request: 0.000273 seconds.
  path: Assets/2DGamekit/Prefabs/UIPrefabs/UIButton.prefab
  artifactKey: Guid(474f38b7b50d08b45b4c8cda7b98201b) Importer(815301076,1909f56bfc062723c751e8b465ee728b)
Start importing Assets/2DGamekit/Prefabs/UIPrefabs/UIButton.prefab using Guid(474f38b7b50d08b45b4c8cda7b98201b) Importer(815301076,1909f56bfc062723c751e8b465ee728b)  -> (artifact id: '5af95a1e94c7d50bc95fe0a15a40ddc9') in 0.028342 seconds
  Import took 0.031923 seconds .

========================================================================
Received Import Request.
  Time since last request: 0.000263 seconds.
  path: Assets/2DGamekit/Prefabs/UIPrefabs
  artifactKey: Guid(77c866576619f784e8ee9165ec160249) Importer(815301076,1909f56bfc062723c751e8b465ee728b)
Start importing Assets/2DGamekit/Prefabs/UIPrefabs using Guid(77c866576619f784e8ee9165ec160249) Importer(815301076,1909f56bfc062723c751e8b465ee728b)  -> (artifact id: 'ccc3fa876300d91b9bce716c3fc2522f') in 0.007865 seconds
  Import took 0.011950 seconds .

========================================================================
Received Import Request.
  Time since last request: 0.000288 seconds.
  path: Assets/2DGamekit/Prefabs/UIPrefabs/GameOverCanvas.prefab
  artifactKey: Guid(2cb597c059c0637489d7a3309e26cb52) Importer(815301076,1909f56bfc062723c751e8b465ee728b)
Start importing Assets/2DGamekit/Prefabs/UIPrefabs/GameOverCanvas.prefab using Guid(2cb597c059c0637489d7a3309e26cb52) Importer(815301076,1909f56bfc062723c751e8b465ee728b)  -> (artifact id: '57f832e250da3fa8c469b6372ef807ff') in 0.012261 seconds
  Import took 0.016470 seconds .

========================================================================
Received Import Request.
  Time since last request: 55.376927 seconds.
  path: Assets/2DGamekit/Art/Materials/Interactables/RockChunks.mat
  artifactKey: Guid(d106e46bf186edf4c8aa853d821fead7) Importer(815301076,1909f56bfc062723c751e8b465ee728b)
Start importing Assets/2DGamekit/Art/Materials/Interactables/RockChunks.mat using Guid(d106e46bf186edf4c8aa853d821fead7) Importer(815301076,1909f56bfc062723c751e8b465ee728b)  -> (artifact id: '107de0997b5390edf2447bec79dad801') in 0.150904 seconds
  Import took 0.156311 seconds .

========================================================================
Received Prepare
Registering precompiled user dll's ...
Registered in 0.001657 seconds.
Begin MonoManager ReloadAssembly
Native extension for WindowsStandalone target not found
Native extension for WebGL target not found
Refreshing native plugins compatible for Editor in 0.57 ms, found 1 plugins.
Preloading 0 native plugins for Editor in 0.00 ms.
Invoked RoslynAnalysisRunner static constructor.
RoslynAnalysisRunner will not be running.
RoslynAnalysisRunner has terminated.
Mono: successfully reloaded assembly
- Completed reload, in  0.893 seconds
Platform modules already initialized, skipping
Refreshing native plugins compatible for Editor in 0.58 ms, found 1 plugins.
Preloading 0 native plugins for Editor in 0.00 ms.
Unloading 2226 Unused Serialized files (Serialized files now loaded: 0)
System memory in use before: 109.1 MB.
System memory in use after: 109.2 MB.

Unloading 14 unused Assets to reduce memory usage. Loaded Objects now: 2770.
Total: 3.105700 ms (FindLiveObjects: 0.300900 ms CreateObjectMapping: 0.131500 ms MarkObjects: 2.554300 ms  DeleteObjects: 0.117600 ms)

========================================================================
Received Import Request.
  Time since last request: 2836.302835 seconds.
  path: Assets/2DGamekit/Prefabs/Enemies
  artifactKey: Guid(15a675dabe8cd6c4bb0ed6ad32cd6771) Importer(815301076,1909f56bfc062723c751e8b465ee728b)
Start importing Assets/2DGamekit/Prefabs/Enemies using Guid(15a675dabe8cd6c4bb0ed6ad32cd6771) Importer(815301076,1909f56bfc062723c751e8b465ee728b)  -> (artifact id: '4fc9e8d77eeaccebb63faea430334d4e') in 0.016565 seconds
  Import took 0.031126 seconds .

========================================================================
Received Import Request.
  Time since last request: 0.203099 seconds.
  path: Assets/2DGamekit/Prefabs/Enemies/Chomper.prefab
  artifactKey: Guid(9a2f32836e0e10248b425c273622a735) Importer(815301076,1909f56bfc062723c751e8b465ee728b)
Start importing Assets/2DGamekit/Prefabs/Enemies/Chomper.prefab using Guid(9a2f32836e0e10248b425c273622a735) Importer(815301076,1909f56bfc062723c751e8b465ee728b)  -> (artifact id: '06a63e0f5ff72b96f4960388f35b302d') in 0.191438 seconds
  Import took 0.195895 seconds .

========================================================================
Received Import Request.
  Time since last request: 0.000309 seconds.
  path: Assets/2DGamekit/Prefabs/Enemies/Spitter.prefab
  artifactKey: Guid(6fc2e0a5f8f54a7499632d26ee58a344) Importer(815301076,1909f56bfc062723c751e8b465ee728b)
Start importing Assets/2DGamekit/Prefabs/Enemies/Spitter.prefab using Guid(6fc2e0a5f8f54a7499632d26ee58a344) Importer(815301076,1909f56bfc062723c751e8b465ee728b)  -> (artifact id: 'e21665475ecfa6578e5755057578b98c') in 0.107453 seconds
  Import took 0.111389 seconds .

========================================================================
Received Import Request.
  Time since last request: 0.000300 seconds.
  path: Assets/2DGamekit/Prefabs/Enemies/EnemySpawner.prefab
  artifactKey: Guid(5ae094758896c0b45b352d4b01916822) Importer(815301076,1909f56bfc062723c751e8b465ee728b)
Start importing Assets/2DGamekit/Prefabs/Enemies/EnemySpawner.prefab using Guid(5ae094758896c0b45b352d4b01916822) Importer(815301076,1909f56bfc062723c751e8b465ee728b)  -> (artifact id: '5ae72c7a2c224871701ce6c4a95d0f55') in 0.014936 seconds
  Import took 0.019043 seconds .

========================================================================
Received Prepare
Registering precompiled user dll's ...
Registered in 0.001633 seconds.
Begin MonoManager ReloadAssembly
Native extension for WindowsStandalone target not found
Native extension for WebGL target not found
Refreshing native plugins compatible for Editor in 0.61 ms, found 1 plugins.
Preloading 0 native plugins for Editor in 0.00 ms.
Invoked RoslynAnalysisRunner static constructor.
RoslynAnalysisRunner will not be running.
RoslynAnalysisRunner has terminated.
Mono: successfully reloaded assembly
- Completed reload, in  0.867 seconds
Platform modules already initialized, skipping
Refreshing native plugins compatible for Editor in 0.55 ms, found 1 plugins.
Preloading 0 native plugins for Editor in 0.00 ms.
Unloading 2226 Unused Serialized files (Serialized files now loaded: 0)
System memory in use before: 109.3 MB.
System memory in use after: 109.3 MB.

Unloading 13 unused Assets to reduce memory usage. Loaded Objects now: 2775.
Total: 2.281700 ms (FindLiveObjects: 0.365600 ms CreateObjectMapping: 0.143800 ms MarkObjects: 1.663000 ms  DeleteObjects: 0.108200 ms)

========================================================================
Received Prepare
Registering precompiled user dll's ...
Registered in 0.001593 seconds.
Begin MonoManager ReloadAssembly
Native extension for WindowsStandalone target not found
Native extension for WebGL target not found
Refreshing native plugins compatible for Editor in 0.58 ms, found 1 plugins.
Preloading 0 native plugins for Editor in 0.00 ms.
Invoked RoslynAnalysisRunner static constructor.
RoslynAnalysisRunner will not be running.
RoslynAnalysisRunner has terminated.
Mono: successfully reloaded assembly
- Completed reload, in  0.871 seconds
Platform modules already initialized, skipping
Refreshing native plugins compatible for Editor in 0.82 ms, found 1 plugins.
Preloading 0 native plugins for Editor in 0.00 ms.
Unloading 2226 Unused Serialized files (Serialized files now loaded: 0)
System memory in use before: 109.3 MB.
System memory in use after: 109.4 MB.

Unloading 13 unused Assets to reduce memory usage. Loaded Objects now: 2779.
Total: 3.098100 ms (FindLiveObjects: 0.285400 ms CreateObjectMapping: 0.201400 ms MarkObjects: 2.498400 ms  DeleteObjects: 0.111800 ms)

========================================================================
Received Prepare
Registering precompiled user dll's ...
Registered in 0.001545 seconds.
Begin MonoManager ReloadAssembly
Native extension for WindowsStandalone target not found
Native extension for WebGL target not found
Refreshing native plugins compatible for Editor in 0.63 ms, found 1 plugins.
Preloading 0 native plugins for Editor in 0.00 ms.
Invoked RoslynAnalysisRunner static constructor.
RoslynAnalysisRunner will not be running.
RoslynAnalysisRunner has terminated.
Mono: successfully reloaded assembly
- Completed reload, in  0.855 seconds
Platform modules already initialized, skipping
Refreshing native plugins compatible for Editor in 0.59 ms, found 1 plugins.
Preloading 0 native plugins for Editor in 0.00 ms.
Unloading 2226 Unused Serialized files (Serialized files now loaded: 0)
System memory in use before: 109.3 MB.
System memory in use after: 109.4 MB.

Unloading 13 unused Assets to reduce memory usage. Loaded Objects now: 2783.
Total: 2.204000 ms (FindLiveObjects: 0.263000 ms CreateObjectMapping: 0.115400 ms MarkObjects: 1.714200 ms  DeleteObjects: 0.110400 ms)

========================================================================
Received Import Request.
  Time since last request: 1491.795645 seconds.
  path: Assets/2DGamekit/Art
  artifactKey: Guid(a849a12c93bea034a87ff6f9a436b598) Importer(815301076,1909f56bfc062723c751e8b465ee728b)
Start importing Assets/2DGamekit/Art using Guid(a849a12c93bea034a87ff6f9a436b598) Importer(815301076,1909f56bfc062723c751e8b465ee728b)  -> (artifact id: '24ccfe890a54bfa633a3bee011aa1828') in 0.021223 seconds
  Import took 0.027135 seconds .

========================================================================
Received Import Request.
  Time since last request: 3.070363 seconds.
  path: Assets/2DGamekit/Art/Sprites
  artifactKey: Guid(c78a2ecee0dd9e34f9dd36e8d53c67cd) Importer(815301076,1909f56bfc062723c751e8b465ee728b)
Start importing Assets/2DGamekit/Art/Sprites using Guid(c78a2ecee0dd9e34f9dd36e8d53c67cd) Importer(815301076,1909f56bfc062723c751e8b465ee728b)  -> (artifact id: '6a68de856ccc18aede3971a99f8c2289') in 0.009295 seconds
  Import took 0.013722 seconds .

========================================================================
Received Import Request.
  Time since last request: 4.535153 seconds.
  path: Assets/2DGamekit/Art/Sprites/Environment
  artifactKey: Guid(deda0c456a5467646ad18a772ad86198) Importer(815301076,1909f56bfc062723c751e8b465ee728b)
Start importing Assets/2DGamekit/Art/Sprites/Environment using Guid(deda0c456a5467646ad18a772ad86198) Importer(815301076,1909f56bfc062723c751e8b465ee728b)  -> (artifact id: '51ee775384ced0556d32130ca7f8fad1') in 0.015010 seconds
  Import took 0.019062 seconds .

========================================================================
Received Import Request.
  Time since last request: 0.036334 seconds.
  path: Assets/2DGamekit/Art/Sprites/Environment/Alcove.png
  artifactKey: Guid(aac9a30c9c349534990e2d84f22e7b28) Importer(815301076,1909f56bfc062723c751e8b465ee728b)
Start importing Assets/2DGamekit/Art/Sprites/Environment/Alcove.png using Guid(aac9a30c9c349534990e2d84f22e7b28) Importer(815301076,1909f56bfc062723c751e8b465ee728b)  -> (artifact id: '49144e26220d7600be3ce0f138d823f5') in 0.087538 seconds
  Import took 0.093055 seconds .

========================================================================
Received Import Request.
  Time since last request: 0.000298 seconds.
  path: Assets/2DGamekit/Art/Sprites/Environment/Stomper.png
  artifactKey: Guid(5b1b4c6a322b7384c86770187e0fae10) Importer(815301076,1909f56bfc062723c751e8b465ee728b)
Start importing Assets/2DGamekit/Art/Sprites/Environment/Stomper.png using Guid(5b1b4c6a322b7384c86770187e0fae10) Importer(815301076,1909f56bfc062723c751e8b465ee728b)  -> (artifact id: '39701fdf7653e24605512c068a283bba') in 0.030688 seconds
  Import took 0.034719 seconds .

========================================================================
Received Import Request.
  Time since last request: 0.000248 seconds.
  path: Assets/2DGamekit/Art/Sprites/Environment/StonesNormal.png
  artifactKey: Guid(ee492e7bbdc1cd247ab2e6527436bdb9) Importer(815301076,1909f56bfc062723c751e8b465ee728b)
Start importing Assets/2DGamekit/Art/Sprites/Environment/StonesNormal.png using Guid(ee492e7bbdc1cd247ab2e6527436bdb9) Importer(815301076,1909f56bfc062723c751e8b465ee728b)  -> (artifact id: '326326f5a315fd49dd87709007cefdf1') in 0.027459 seconds
  Import took 0.031435 seconds .

========================================================================
Received Import Request.
  Time since last request: 0.000372 seconds.
  path: Assets/2DGamekit/Art/Sprites/Environment/Spiderwebs.png
  artifactKey: Guid(8a054d1ecee1b154eab5cf67c3d481e6) Importer(815301076,1909f56bfc062723c751e8b465ee728b)
Start importing Assets/2DGamekit/Art/Sprites/Environment/Spiderwebs.png using Guid(8a054d1ecee1b154eab5cf67c3d481e6) Importer(815301076,1909f56bfc062723c751e8b465ee728b)  -> (artifact id: '48a75d21d00a436e47b8c99ac04f67aa') in 0.067890 seconds
  Import took 0.073389 seconds .

========================================================================
Received Import Request.
  Time since last request: 0.000263 seconds.
  path: Assets/2DGamekit/Art/Sprites/Environment/BGPlants.png
  artifactKey: Guid(776d10e19ab11c44a8271fc18a42ab83) Importer(815301076,1909f56bfc062723c751e8b465ee728b)
Start importing Assets/2DGamekit/Art/Sprites/Environment/BGPlants.png using Guid(776d10e19ab11c44a8271fc18a42ab83) Importer(815301076,1909f56bfc062723c751e8b465ee728b)  -> (artifact id: 'd9f7d34bc023d5ac8669d18a0924f42d') in 0.090114 seconds
  Import took 0.093932 seconds .

========================================================================
Received Import Request.
  Time since last request: 0.000247 seconds.
  path: Assets/2DGamekit/Art/Sprites/Environment/BGRock01.png
  artifactKey: Guid(993c10c45f6b25e4c9b51f192b34fa12) Importer(815301076,1909f56bfc062723c751e8b465ee728b)
Start importing Assets/2DGamekit/Art/Sprites/Environment/BGRock01.png using Guid(993c10c45f6b25e4c9b51f192b34fa12) Importer(815301076,1909f56bfc062723c751e8b465ee728b)  -> (artifact id: '3a7d9cb1ad478bb3c7377ce15e927bac') in 0.016868 seconds
  Import took 0.020638 seconds .

========================================================================
Received Import Request.
  Time since last request: 0.000277 seconds.
  path: Assets/2DGamekit/Art/Sprites/Environment/BGRock03.png
  artifactKey: Guid(5222c5dbe44c8494da11d0cdcf795f18) Importer(815301076,1909f56bfc062723c751e8b465ee728b)
Start importing Assets/2DGamekit/Art/Sprites/Environment/BGRock03.png using Guid(5222c5dbe44c8494da11d0cdcf795f18) Importer(815301076,1909f56bfc062723c751e8b465ee728b)  -> (artifact id: '5260ad6a3497fcc9409b4797a56f6b63') in 0.026391 seconds
  Import took 0.031632 seconds .

========================================================================
Received Import Request.
  Time since last request: 0.000265 seconds.
  path: Assets/2DGamekit/Art/Sprites/Environment/AlienStatue02.png
  artifactKey: Guid(faafa9f154d9ab24a83b389ff29572b5) Importer(815301076,1909f56bfc062723c751e8b465ee728b)
Start importing Assets/2DGamekit/Art/Sprites/Environment/AlienStatue02.png using Guid(faafa9f154d9ab24a83b389ff29572b5) Importer(815301076,1909f56bfc062723c751e8b465ee728b)  -> (artifact id: '1d76d950013be9d56818b3bb782c5787') in 0.030021 seconds
  Import took 0.034582 seconds .

========================================================================
Received Import Request.
  Time since last request: 0.000462 seconds.
  path: Assets/2DGamekit/Art/Sprites/Environment/AproachingWallPattern.png
  artifactKey: Guid(eb4fe75c66482e849abe326d94453aed) Importer(815301076,1909f56bfc062723c751e8b465ee728b)
Start importing Assets/2DGamekit/Art/Sprites/Environment/AproachingWallPattern.png using Guid(eb4fe75c66482e849abe326d94453aed) Importer(815301076,1909f56bfc062723c751e8b465ee728b)  -> (artifact id: '12d6f902a6972ef42bd12900f7b89ebc') in 0.042029 seconds
  Import took 0.047287 seconds .

========================================================================
Received Import Request.
  Time since last request: 0.000267 seconds.
  path: Assets/2DGamekit/Art/Sprites/Environment/Clouds.png
  artifactKey: Guid(76465a0a33addfa4686beca3ade8fc17) Importer(815301076,1909f56bfc062723c751e8b465ee728b)
Start importing Assets/2DGamekit/Art/Sprites/Environment/Clouds.png using Guid(76465a0a33addfa4686beca3ade8fc17) Importer(815301076,1909f56bfc062723c751e8b465ee728b)  -> (artifact id: 'e031da0a7d121622a0e2d081424546b1') in 0.063931 seconds
  Import took 0.067585 seconds .

========================================================================
Received Import Request.
  Time since last request: 0.000263 seconds.
  path: Assets/2DGamekit/Art/Sprites/Environment/AlienBlock03.png
  artifactKey: Guid(ca5192f854a90464882497f5fd74cd6f) Importer(815301076,1909f56bfc062723c751e8b465ee728b)
Start importing Assets/2DGamekit/Art/Sprites/Environment/AlienBlock03.png using Guid(ca5192f854a90464882497f5fd74cd6f) Importer(815301076,1909f56bfc062723c751e8b465ee728b)  -> (artifact id: '93045d35d0bd911b2db3d789a5b8d75f') in 0.025274 seconds
  Import took 0.030036 seconds .

========================================================================
Received Import Request.
  Time since last request: 0.000224 seconds.
  path: Assets/2DGamekit/Art/Sprites/Environment/DropshipNormal.png
  artifactKey: Guid(a5281d59b9115324985b9d52e114cf39) Importer(815301076,1909f56bfc062723c751e8b465ee728b)
Start importing Assets/2DGamekit/Art/Sprites/Environment/DropshipNormal.png using Guid(a5281d59b9115324985b9d52e114cf39) Importer(815301076,1909f56bfc062723c751e8b465ee728b)  -> (artifact id: 'dec28f87b01aeac5447dc161337ae494') in 0.025609 seconds
  Import took 0.029815 seconds .

========================================================================
Received Import Request.
  Time since last request: 0.000253 seconds.
  path: Assets/2DGamekit/Art/Sprites/Environment/AlienSculpture02.png
  artifactKey: Guid(919a7cf0955fefa4bae70cbb6fe2b6da) Importer(815301076,1909f56bfc062723c751e8b465ee728b)
Start importing Assets/2DGamekit/Art/Sprites/Environment/AlienSculpture02.png using Guid(919a7cf0955fefa4bae70cbb6fe2b6da) Importer(815301076,1909f56bfc062723c751e8b465ee728b)  -> (artifact id: '928f901881c8083bb0d38e78bdba0e3c') in 0.025487 seconds
  Import took 0.030667 seconds .

========================================================================
Received Import Request.
  Time since last request: 0.000333 seconds.
  path: Assets/2DGamekit/Art/Sprites/Environment/Stomper02.png
  artifactKey: Guid(582488cb3c7706445868227da7f9fe68) Importer(815301076,1909f56bfc062723c751e8b465ee728b)
Start importing Assets/2DGamekit/Art/Sprites/Environment/Stomper02.png using Guid(582488cb3c7706445868227da7f9fe68) Importer(815301076,1909f56bfc062723c751e8b465ee728b)  -> (artifact id: '4bd9c87cb1edbf58a4278112fad4d1a7') in 0.029324 seconds
  Import took 0.033450 seconds .

========================================================================
Received Import Request.
  Time since last request: 0.000238 seconds.
  path: Assets/2DGamekit/Art/Sprites/Environment/AlienSculpture03.png
  artifactKey: Guid(b90e5ea9554d1e84d962fcfd0512a9b4) Importer(815301076,1909f56bfc062723c751e8b465ee728b)
Start importing Assets/2DGamekit/Art/Sprites/Environment/AlienSculpture03.png using Guid(b90e5ea9554d1e84d962fcfd0512a9b4) Importer(815301076,1909f56bfc062723c751e8b465ee728b)  -> (artifact id: '16b415f5f349b41899b6d00deaa8deab') in 0.022939 seconds
  Import took 0.028687 seconds .

========================================================================
Received Import Request.
  Time since last request: 0.000264 seconds.
  path: Assets/2DGamekit/Art/Sprites/Environment/FloatingRocks.png
  artifactKey: Guid(e49210b2eba9a5442b6fe40c91776cd2) Importer(815301076,1909f56bfc062723c751e8b465ee728b)
Start importing Assets/2DGamekit/Art/Sprites/Environment/FloatingRocks.png using Guid(e49210b2eba9a5442b6fe40c91776cd2) Importer(815301076,1909f56bfc062723c751e8b465ee728b)  -> (artifact id: 'bd9f1fb45db28bc2eaeda630d6d17e44') in 0.088276 seconds
  Import took 0.092819 seconds .

========================================================================
Received Import Request.
  Time since last request: 0.000259 seconds.
  path: Assets/2DGamekit/Art/Sprites/Environment/AlienStatue05.png
  artifactKey: Guid(600064507324d1149b26bb86c93e1fd3) Importer(815301076,1909f56bfc062723c751e8b465ee728b)
Start importing Assets/2DGamekit/Art/Sprites/Environment/AlienStatue05.png using Guid(600064507324d1149b26bb86c93e1fd3) Importer(815301076,1909f56bfc062723c751e8b465ee728b)  -> (artifact id: '8fd98a5582849d6460f369b52a0247d3') in 0.030069 seconds
  Import took 0.034149 seconds .

========================================================================
Received Import Request.
  Time since last request: 0.000254 seconds.
  path: Assets/2DGamekit/Art/Sprites/Environment/AlienSculpture01.png
  artifactKey: Guid(e7f21eb158d2cb945803f2614edc07f8) Importer(815301076,1909f56bfc062723c751e8b465ee728b)
Start importing Assets/2DGamekit/Art/Sprites/Environment/AlienSculpture01.png using Guid(e7f21eb158d2cb945803f2614edc07f8) Importer(815301076,1909f56bfc062723c751e8b465ee728b)  -> (artifact id: '3bca2ebe163d23fde9810df1a45bd5ab') in 0.024320 seconds
  Import took 0.028893 seconds .

========================================================================
Received Import Request.
  Time since last request: 0.000306 seconds.
  path: Assets/2DGamekit/Art/Sprites/Environment/AlienFlora.png
  artifactKey: Guid(6e43932fcf79bb44881725c7dba2dfde) Importer(815301076,1909f56bfc062723c751e8b465ee728b)
Start importing Assets/2DGamekit/Art/Sprites/Environment/AlienFlora.png using Guid(6e43932fcf79bb44881725c7dba2dfde) Importer(815301076,1909f56bfc062723c751e8b465ee728b)  -> (artifact id: 'd88b032eaa55174d581308a642c506df') in 0.105612 seconds
  Import took 0.110108 seconds .

========================================================================
Received Import Request.
  Time since last request: 0.000247 seconds.
  path: Assets/2DGamekit/Art/Sprites/Environment/LowerPlants5.png
  artifactKey: Guid(6abd01d1bd500b7468e35f5fc76023ea) Importer(815301076,1909f56bfc062723c751e8b465ee728b)
Start importing Assets/2DGamekit/Art/Sprites/Environment/LowerPlants5.png using Guid(6abd01d1bd500b7468e35f5fc76023ea) Importer(815301076,1909f56bfc062723c751e8b465ee728b)  -> (artifact id: 'a9cbff41bfb99f4480096bbf26717779') in 0.104794 seconds
  Import took 0.108835 seconds .

========================================================================
Received Import Request.
  Time since last request: 0.000294 seconds.
  path: Assets/2DGamekit/Art/Sprites/Environment/DistantMount(tilable).png
  artifactKey: Guid(562939ad906ef07468206650fdfd5735) Importer(815301076,1909f56bfc062723c751e8b465ee728b)
Start importing Assets/2DGamekit/Art/Sprites/Environment/DistantMount(tilable).png using Guid(562939ad906ef07468206650fdfd5735) Importer(815301076,1909f56bfc062723c751e8b465ee728b)  -> (artifact id: 'a8cca69d983840b088181d2450e041a5') in 0.021375 seconds
  Import took 0.027227 seconds .

========================================================================
Received Import Request.
  Time since last request: 0.000355 seconds.
  path: Assets/2DGamekit/Art/Sprites/Environment/LowerPlants4.png
  artifactKey: Guid(ca959e4b1f739134eb2418d8e56c04b6) Importer(815301076,1909f56bfc062723c751e8b465ee728b)
Start importing Assets/2DGamekit/Art/Sprites/Environment/LowerPlants4.png using Guid(ca959e4b1f739134eb2418d8e56c04b6) Importer(815301076,1909f56bfc062723c751e8b465ee728b)  -> (artifact id: '5afd1ee808ff4561f3c5e6a256bce22b') in 0.063698 seconds
  Import took 0.069896 seconds .

========================================================================
Received Import Request.
  Time since last request: 0.000269 seconds.
  path: Assets/2DGamekit/Art/Sprites/Environment/BGRock04.png
  artifactKey: Guid(6eba019cb0240eb4d9d8a2d06a7d6453) Importer(815301076,1909f56bfc062723c751e8b465ee728b)
Start importing Assets/2DGamekit/Art/Sprites/Environment/BGRock04.png using Guid(6eba019cb0240eb4d9d8a2d06a7d6453) Importer(815301076,1909f56bfc062723c751e8b465ee728b)  -> (artifact id: '89bd314f2792ceddf36f88b6cb3d9ccf') in 0.019000 seconds
  Import took 0.025762 seconds .

========================================================================
Received Import Request.
  Time since last request: 0.000213 seconds.
  path: Assets/2DGamekit/Art/Sprites/Environment/BGRock02.png
  artifactKey: Guid(5d7509e35f3ef834b8e75f8b1890b4e5) Importer(815301076,1909f56bfc062723c751e8b465ee728b)
Start importing Assets/2DGamekit/Art/Sprites/Environment/BGRock02.png using Guid(5d7509e35f3ef834b8e75f8b1890b4e5) Importer(815301076,1909f56bfc062723c751e8b465ee728b)  -> (artifact id: '6d1166f17832b39a66da9614b84391a3') in 0.019838 seconds
  Import took 0.025261 seconds .

========================================================================
Received Import Request.
  Time since last request: 0.000181 seconds.
  path: Assets/2DGamekit/Art/Sprites/Environment/Chomper02.png
  artifactKey: Guid(57fc8c26f694d2249a11c5fee50ec125) Importer(815301076,1909f56bfc062723c751e8b465ee728b)
Start importing Assets/2DGamekit/Art/Sprites/Environment/Chomper02.png using Guid(57fc8c26f694d2249a11c5fee50ec125) Importer(815301076,1909f56bfc062723c751e8b465ee728b)  -> (artifact id: 'e9d258b996122fcac690ec0d98a52b81') in 0.024184 seconds
  Import took 0.028506 seconds .

========================================================================
Received Import Request.
  Time since last request: 0.000211 seconds.
  path: Assets/2DGamekit/Art/Sprites/Environment/Dropship.png
  artifactKey: Guid(1729de44d07c57f4e87192de411a0486) Importer(815301076,1909f56bfc062723c751e8b465ee728b)
Start importing Assets/2DGamekit/Art/Sprites/Environment/Dropship.png using Guid(1729de44d07c57f4e87192de411a0486) Importer(815301076,1909f56bfc062723c751e8b465ee728b)  -> (artifact id: '54d0d5c9577900f5b41f2519f5b36afb') in 0.030024 seconds
  Import took 0.034178 seconds .

========================================================================
Received Import Request.
  Time since last request: 0.000193 seconds.
  path: Assets/2DGamekit/Art/Sprites/Environment/WallTile.png
  artifactKey: Guid(6aa3a976ac9ecc54aad638ffbf4e67c6) Importer(815301076,1909f56bfc062723c751e8b465ee728b)
Start importing Assets/2DGamekit/Art/Sprites/Environment/WallTile.png using Guid(6aa3a976ac9ecc54aad638ffbf4e67c6) Importer(815301076,1909f56bfc062723c751e8b465ee728b)  -> (artifact id: '08e1e849e366de5615bf71acba96a476') in 0.026340 seconds
  Import took 0.030467 seconds .

========================================================================
Received Import Request.
  Time since last request: 0.000180 seconds.
  path: Assets/2DGamekit/Art/Sprites/Environment/AlienSculpture01b.png
  artifactKey: Guid(d3e03fee1fd37c149bb5203b490f0baa) Importer(815301076,1909f56bfc062723c751e8b465ee728b)
Start importing Assets/2DGamekit/Art/Sprites/Environment/AlienSculpture01b.png using Guid(d3e03fee1fd37c149bb5203b490f0baa) Importer(815301076,1909f56bfc062723c751e8b465ee728b)  -> (artifact id: 'df4e9644c92ca9118ff8f98098f1d14a') in 0.023174 seconds
  Import took 0.027960 seconds .

========================================================================
Received Import Request.
  Time since last request: 0.000169 seconds.
  path: Assets/2DGamekit/Art/Sprites/Environment/PlantMidSized.png
  artifactKey: Guid(cad6f8f282a98b04b9027eadbdb78451) Importer(815301076,1909f56bfc062723c751e8b465ee728b)
Start importing Assets/2DGamekit/Art/Sprites/Environment/PlantMidSized.png using Guid(cad6f8f282a98b04b9027eadbdb78451) Importer(815301076,1909f56bfc062723c751e8b465ee728b)  -> (artifact id: '801ea2f09f558207dcf1762617a35b95') in 0.037463 seconds
  Import took 0.041899 seconds .

========================================================================
Received Import Request.
  Time since last request: 0.000244 seconds.
  path: Assets/2DGamekit/Art/Sprites/Environment/LowerPlants6.png
  artifactKey: Guid(14ad88aa05b531d40bb7667bf21651eb) Importer(815301076,1909f56bfc062723c751e8b465ee728b)
Start importing Assets/2DGamekit/Art/Sprites/Environment/LowerPlants6.png using Guid(14ad88aa05b531d40bb7667bf21651eb) Importer(815301076,1909f56bfc062723c751e8b465ee728b)  -> (artifact id: 'a4b67b373ad3c43d59e978d1ee224d72') in 0.040625 seconds
  Import took 0.044648 seconds .

========================================================================
Received Import Request.
  Time since last request: 0.000229 seconds.
  path: Assets/2DGamekit/Art/Sprites/Environment/LowerPlants3.png
  artifactKey: Guid(2b30fc6e4ddac2545af6462ae063edad) Importer(815301076,1909f56bfc062723c751e8b465ee728b)
Start importing Assets/2DGamekit/Art/Sprites/Environment/LowerPlants3.png using Guid(2b30fc6e4ddac2545af6462ae063edad) Importer(815301076,1909f56bfc062723c751e8b465ee728b)  -> (artifact id: '23fff241f1d5658a66c20d544156ac24') in 0.058563 seconds
  Import took 0.062357 seconds .

========================================================================
Received Import Request.
  Time since last request: 0.000193 seconds.
  path: Assets/2DGamekit/Art/Sprites/Environment/AlienBlock01.png
  artifactKey: Guid(27d3b077540489548895b070354e048e) Importer(815301076,1909f56bfc062723c751e8b465ee728b)
Start importing Assets/2DGamekit/Art/Sprites/Environment/AlienBlock01.png using Guid(27d3b077540489548895b070354e048e) Importer(815301076,1909f56bfc062723c751e8b465ee728b)  -> (artifact id: '5c68e973bbb23d738844ee42bb30df80') in 0.023095 seconds
  Import took 0.027008 seconds .

========================================================================
Received Import Request.
  Time since last request: 0.000194 seconds.
  path: Assets/2DGamekit/Art/Sprites/Environment/WallTileEnd.png
  artifactKey: Guid(804743266b3b62d428e86255220b6694) Importer(815301076,1909f56bfc062723c751e8b465ee728b)
Start importing Assets/2DGamekit/Art/Sprites/Environment/WallTileEnd.png using Guid(804743266b3b62d428e86255220b6694) Importer(815301076,1909f56bfc062723c751e8b465ee728b)  -> (artifact id: '603a8d4a94f62625b1c481ebe5cbf248') in 0.027473 seconds
  Import took 0.032308 seconds .

========================================================================
Received Import Request.
  Time since last request: 0.000200 seconds.
  path: Assets/2DGamekit/Art/Sprites/Environment/UndergroundRoots.png
  artifactKey: Guid(a0db901905a42bb4397f3268337c528b) Importer(815301076,1909f56bfc062723c751e8b465ee728b)
Start importing Assets/2DGamekit/Art/Sprites/Environment/UndergroundRoots.png using Guid(a0db901905a42bb4397f3268337c528b) Importer(815301076,1909f56bfc062723c751e8b465ee728b)  -> (artifact id: 'b7478cd86866461fed4da17d41962d7e') in 0.028797 seconds
  Import took 0.033117 seconds .

========================================================================
Received Import Request.
  Time since last request: 0.000216 seconds.
  path: Assets/2DGamekit/Art/Sprites/Environment/AlienBlock05.png
  artifactKey: Guid(1bdb3ae754025874c8232697a4529489) Importer(815301076,1909f56bfc062723c751e8b465ee728b)
Start importing Assets/2DGamekit/Art/Sprites/Environment/AlienBlock05.png using Guid(1bdb3ae754025874c8232697a4529489) Importer(815301076,1909f56bfc062723c751e8b465ee728b)  -> (artifact id: '41b07b88959732ff454da68f5a59247d') in 0.026130 seconds
  Import took 0.030551 seconds .

========================================================================
Received Import Request.
  Time since last request: 0.000225 seconds.
  path: Assets/2DGamekit/Art/Sprites/Environment/Rubble.png
  artifactKey: Guid(d76850a37a3b5144093c7940ae562b4b) Importer(815301076,1909f56bfc062723c751e8b465ee728b)
Start importing Assets/2DGamekit/Art/Sprites/Environment/Rubble.png using Guid(d76850a37a3b5144093c7940ae562b4b) Importer(815301076,1909f56bfc062723c751e8b465ee728b)  -> (artifact id: '48d7d13e6b9b546a69ee7c7afadcbf10') in 0.040029 seconds
  Import took 0.044958 seconds .

========================================================================
Received Import Request.
  Time since last request: 0.000236 seconds.
  path: Assets/2DGamekit/Art/Sprites/Environment/WallTile02.png
  artifactKey: Guid(62d2808515efe6d4897f8d8cd5218f31) Importer(815301076,1909f56bfc062723c751e8b465ee728b)
Start importing Assets/2DGamekit/Art/Sprites/Environment/WallTile02.png using Guid(62d2808515efe6d4897f8d8cd5218f31) Importer(815301076,1909f56bfc062723c751e8b465ee728b)  -> (artifact id: 'fa1adca0ea9a1271fac4d1e4ed6c392e') in 0.026700 seconds
  Import took 0.031717 seconds .

========================================================================
Received Import Request.
  Time since last request: 0.000257 seconds.
  path: Assets/2DGamekit/Art/Sprites/Environment/LowerPlants1.png
  artifactKey: Guid(47b428b699457b74992fad3070540648) Importer(815301076,1909f56bfc062723c751e8b465ee728b)
Start importing Assets/2DGamekit/Art/Sprites/Environment/LowerPlants1.png using Guid(47b428b699457b74992fad3070540648) Importer(815301076,1909f56bfc062723c751e8b465ee728b)  -> (artifact id: '12dba071c2a4aa812f963adc67aafee0') in 0.064522 seconds
  Import took 0.068718 seconds .

========================================================================
Received Import Request.
  Time since last request: 0.000202 seconds.
  path: Assets/2DGamekit/Art/Sprites/Environment/AlienBlock06.png
  artifactKey: Guid(c0db65020163c56489c1a4801f97a149) Importer(815301076,1909f56bfc062723c751e8b465ee728b)
Start importing Assets/2DGamekit/Art/Sprites/Environment/AlienBlock06.png using Guid(c0db65020163c56489c1a4801f97a149) Importer(815301076,1909f56bfc062723c751e8b465ee728b)  -> (artifact id: '306ed8416b101ad1255a171335937ff5') in 0.024303 seconds
  Import took 0.029114 seconds .

========================================================================
Received Import Request.
  Time since last request: 0.000259 seconds.
  path: Assets/2DGamekit/Art/Sprites/Environment/AlienStatue04.png
  artifactKey: Guid(f67a668a825ba9545bfca88b46961865) Importer(815301076,1909f56bfc062723c751e8b465ee728b)
Start importing Assets/2DGamekit/Art/Sprites/Environment/AlienStatue04.png using Guid(f67a668a825ba9545bfca88b46961865) Importer(815301076,1909f56bfc062723c751e8b465ee728b)  -> (artifact id: '25119ef63e393c23d2da455cc17a84ed') in 0.025075 seconds
  Import took 0.030434 seconds .

========================================================================
Received Import Request.
  Time since last request: 0.000267 seconds.
  path: Assets/2DGamekit/Art/Sprites/Environment/HangingPlants1.png
  artifactKey: Guid(f66c4b63264e91e48bbdc9c0a5966da4) Importer(815301076,1909f56bfc062723c751e8b465ee728b)
Start importing Assets/2DGamekit/Art/Sprites/Environment/HangingPlants1.png using Guid(f66c4b63264e91e48bbdc9c0a5966da4) Importer(815301076,1909f56bfc062723c751e8b465ee728b)  -> (artifact id: '3a8536d9c6fbfe3b7e36be3bd013b5bb') in 0.043941 seconds
  Import took 0.048792 seconds .

========================================================================
Received Import Request.
  Time since last request: 0.000250 seconds.
  path: Assets/2DGamekit/Art/Sprites/Environment/AlienBlock04.png
  artifactKey: Guid(f2fe0307e2e9fcd47a01feaa7fc499ea) Importer(815301076,1909f56bfc062723c751e8b465ee728b)
Start importing Assets/2DGamekit/Art/Sprites/Environment/AlienBlock04.png using Guid(f2fe0307e2e9fcd47a01feaa7fc499ea) Importer(815301076,1909f56bfc062723c751e8b465ee728b)  -> (artifact id: '5e81def25d0ae256f4103ac76f626733') in 0.021399 seconds
  Import took 0.025731 seconds .

========================================================================
Received Import Request.
  Time since last request: 0.000374 seconds.
  path: Assets/2DGamekit/Art/Sprites/Environment/AlienBlock02.png
  artifactKey: Guid(b4f26af56d17ca74da9d1a08adffb885) Importer(815301076,1909f56bfc062723c751e8b465ee728b)
Start importing Assets/2DGamekit/Art/Sprites/Environment/AlienBlock02.png using Guid(b4f26af56d17ca74da9d1a08adffb885) Importer(815301076,1909f56bfc062723c751e8b465ee728b)  -> (artifact id: '43d41b3029a520aba3d18814c37f1afd') in 0.027280 seconds
  Import took 0.032106 seconds .

========================================================================
Received Import Request.
  Time since last request: 0.000225 seconds.
  path: Assets/2DGamekit/Art/Sprites/Environment/Platforms.png
  artifactKey: Guid(06555221cbcfd224692fc060ab31f685) Importer(815301076,1909f56bfc062723c751e8b465ee728b)
Start importing Assets/2DGamekit/Art/Sprites/Environment/Platforms.png using Guid(06555221cbcfd224692fc060ab31f685) Importer(815301076,1909f56bfc062723c751e8b465ee728b)  -> (artifact id: 'f988d4158c588fc135a1eb6770ec560a') in 0.031208 seconds
  Import took 0.036140 seconds .

========================================================================
Received Import Request.
  Time since last request: 0.000216 seconds.
  path: Assets/2DGamekit/Art/Sprites/Environment/Plants.png
  artifactKey: Guid(e134e0f4ed64a1848aece477e814af31) Importer(815301076,1909f56bfc062723c751e8b465ee728b)
Start importing Assets/2DGamekit/Art/Sprites/Environment/Plants.png using Guid(e134e0f4ed64a1848aece477e814af31) Importer(815301076,1909f56bfc062723c751e8b465ee728b)  -> (artifact id: '5a043d3c47bc97d43a563019f4e7e244') in 0.095813 seconds
  Import took 0.101566 seconds .

========================================================================
Received Import Request.
  Time since last request: 0.000198 seconds.
  path: Assets/2DGamekit/Art/Sprites/Environment/AlienStatue01.png
  artifactKey: Guid(512f28cb88dfa234e96c078d811753eb) Importer(815301076,1909f56bfc062723c751e8b465ee728b)
Start importing Assets/2DGamekit/Art/Sprites/Environment/AlienStatue01.png using Guid(512f28cb88dfa234e96c078d811753eb) Importer(815301076,1909f56bfc062723c751e8b465ee728b)  -> (artifact id: '58eedf7ef739011c01a228713d88ac39') in 0.027500 seconds
  Import took 0.032631 seconds .

========================================================================
Received Import Request.
  Time since last request: 0.000276 seconds.
  path: Assets/2DGamekit/Art/Sprites/Environment/AproachingWallPattern02.png
  artifactKey: Guid(aa84ae5dd435831498ae7af683f6aa67) Importer(815301076,1909f56bfc062723c751e8b465ee728b)
Start importing Assets/2DGamekit/Art/Sprites/Environment/AproachingWallPattern02.png using Guid(aa84ae5dd435831498ae7af683f6aa67) Importer(815301076,1909f56bfc062723c751e8b465ee728b)  -> (artifact id: 'a552bfe2078f5d590e3f1947ee18ad00') in 0.028531 seconds
  Import took 0.033391 seconds .

========================================================================
Received Import Request.
  Time since last request: 0.000293 seconds.
  path: Assets/2DGamekit/Art/Sprites/Environment/AlienStatue01.png
  artifactKey: Guid(512f28cb88dfa234e96c078d811753eb) Importer(815301076,1909f56bfc062723c751e8b465ee728b)
Start importing Assets/2DGamekit/Art/Sprites/Environment/AlienStatue01.png using Guid(512f28cb88dfa234e96c078d811753eb) Importer(815301076,1909f56bfc062723c751e8b465ee728b)  -> (artifact id: '58eedf7ef739011c01a228713d88ac39') in 0.016755 seconds
  Import took 0.024743 seconds .

========================================================================
Received Import Request.
  Time since last request: 0.000395 seconds.
  path: Assets/2DGamekit/Art/Sprites/Environment/LowerPlants2.png
  artifactKey: Guid(65064d37f969d7e479d033b652437758) Importer(815301076,1909f56bfc062723c751e8b465ee728b)
Start importing Assets/2DGamekit/Art/Sprites/Environment/LowerPlants2.png using Guid(65064d37f969d7e479d033b652437758) Importer(815301076,1909f56bfc062723c751e8b465ee728b)  -> (artifact id: '4ca2ff0b8f3ec4773f40b6dc85008fb1') in 0.056107 seconds
  Import took 0.062305 seconds .

========================================================================
Received Import Request.
  Time since last request: 0.000583 seconds.
  path: Assets/2DGamekit/Art/Sprites/Environment/Sky.png
  artifactKey: Guid(2ad68479ac228e144addc70c060610b3) Importer(815301076,1909f56bfc062723c751e8b465ee728b)
Start importing Assets/2DGamekit/Art/Sprites/Environment/Sky.png using Guid(2ad68479ac228e144addc70c060610b3) Importer(815301076,1909f56bfc062723c751e8b465ee728b)  -> (artifact id: 'c6f0fa7ad9f354399c8631f38182ada7') in 0.023376 seconds
  Import took 0.028153 seconds .

========================================================================
Received Import Request.
  Time since last request: 0.000225 seconds.
  path: Assets/2DGamekit/Art/Sprites/Environment/Stones.png
  artifactKey: Guid(8c4b1cadd52d1b24cb3e5a64c6b3e683) Importer(815301076,1909f56bfc062723c751e8b465ee728b)
Start importing Assets/2DGamekit/Art/Sprites/Environment/Stones.png using Guid(8c4b1cadd52d1b24cb3e5a64c6b3e683) Importer(815301076,1909f56bfc062723c751e8b465ee728b)  -> (artifact id: 'c718f9e9697d684f9e9f2f50dcf9ccaf') in 0.044374 seconds
  Import took 0.048445 seconds .

========================================================================
Received Import Request.
  Time since last request: 0.000195 seconds.
  path: Assets/2DGamekit/Art/Sprites/Environment/PlantsNormal.png
  artifactKey: Guid(f298df0d431afe444a1f8479f9f9e00a) Importer(815301076,1909f56bfc062723c751e8b465ee728b)
Start importing Assets/2DGamekit/Art/Sprites/Environment/PlantsNormal.png using Guid(f298df0d431afe444a1f8479f9f9e00a) Importer(815301076,1909f56bfc062723c751e8b465ee728b)  -> (artifact id: 'f3d63f87b9ae67a565826f69d2aff495') in 0.024105 seconds
  Import took 0.027747 seconds .

========================================================================
Received Import Request.
  Time since last request: 0.000257 seconds.
  path: Assets/2DGamekit/Art/Sprites/Environment/AlienStatue03.png
  artifactKey: Guid(07e031773e28ca54384d771dca9b947d) Importer(815301076,1909f56bfc062723c751e8b465ee728b)
Start importing Assets/2DGamekit/Art/Sprites/Environment/AlienStatue03.png using Guid(07e031773e28ca54384d771dca9b947d) Importer(815301076,1909f56bfc062723c751e8b465ee728b)  -> (artifact id: 'b576ad66d11d8b10a48c54b8696df339') in 0.021859 seconds
  Import took 0.026047 seconds .

========================================================================
Received Import Request.
  Time since last request: 0.000221 seconds.
  path: Assets/2DGamekit/Art/Sprites/Environment/HangingPlants2.png
  artifactKey: Guid(f88d8f6be5a5b2a4bb198ffa5fc1be8b) Importer(815301076,1909f56bfc062723c751e8b465ee728b)
Start importing Assets/2DGamekit/Art/Sprites/Environment/HangingPlants2.png using Guid(f88d8f6be5a5b2a4bb198ffa5fc1be8b) Importer(815301076,1909f56bfc062723c751e8b465ee728b)  -> (artifact id: 'ea153a697d4cc6bbfb97af223218fcef') in 0.038640 seconds
  Import took 0.043796 seconds .

========================================================================
Received Import Request.
  Time since last request: 0.000192 seconds.
  path: Assets/2DGamekit/Art/Sprites/Environment/Chomper.png
  artifactKey: Guid(f96da8777c26cf94d8af762180932ee6) Importer(815301076,1909f56bfc062723c751e8b465ee728b)
Start importing Assets/2DGamekit/Art/Sprites/Environment/Chomper.png using Guid(f96da8777c26cf94d8af762180932ee6) Importer(815301076,1909f56bfc062723c751e8b465ee728b)  -> (artifact id: '5b8ba1507f8291b3b257b9d6b0032e8d') in 0.017045 seconds
  Import took 0.021153 seconds .

========================================================================
Received Import Request.
  Time since last request: 54.232070 seconds.
  path: Assets/2DGamekit/Art/Sprites/Environment/ParallaxCaves
  artifactKey: Guid(bf3708b8d8fb4ee4d946b18817b0ca8b) Importer(815301076,1909f56bfc062723c751e8b465ee728b)
Start importing Assets/2DGamekit/Art/Sprites/Environment/ParallaxCaves using Guid(bf3708b8d8fb4ee4d946b18817b0ca8b) Importer(815301076,1909f56bfc062723c751e8b465ee728b)  -> (artifact id: '2c7b85dd2dbaf854051562aba1368014') in 0.017864 seconds
  Import took 0.022135 seconds .

========================================================================
Received Import Request.
  Time since last request: 0.044794 seconds.
  path: Assets/2DGamekit/Art/Sprites/Environment/ParallaxCaves/CavesBG01.png
  artifactKey: Guid(3bc4a6783b6a2c341bc23a7280ac7289) Importer(815301076,1909f56bfc062723c751e8b465ee728b)
Start importing Assets/2DGamekit/Art/Sprites/Environment/ParallaxCaves/CavesBG01.png using Guid(3bc4a6783b6a2c341bc23a7280ac7289) Importer(815301076,1909f56bfc062723c751e8b465ee728b)  -> (artifact id: 'd83b329e23f79435c86136fc660c3fdd') in 0.021598 seconds
  Import took 0.025608 seconds .

========================================================================
Received Import Request.
  Time since last request: 0.000285 seconds.
  path: Assets/2DGamekit/Art/Sprites/Environment/ParallaxCaves/CavesFGMask02.png
  artifactKey: Guid(3952391064022044da4fe9f7b5b09a62) Importer(815301076,1909f56bfc062723c751e8b465ee728b)
Start importing Assets/2DGamekit/Art/Sprites/Environment/ParallaxCaves/CavesFGMask02.png using Guid(3952391064022044da4fe9f7b5b09a62) Importer(815301076,1909f56bfc062723c751e8b465ee728b)  -> (artifact id: 'fe9b99d0b3d5a99f685290beaa661e16') in 0.031248 seconds
  Import took 0.034806 seconds .

========================================================================
Received Import Request.
  Time since last request: 0.000254 seconds.
  path: Assets/2DGamekit/Art/Sprites/Environment/ParallaxCaves/CavesMG01.png
  artifactKey: Guid(b76aa331eaf5bcb428b58fabf8e5008a) Importer(815301076,1909f56bfc062723c751e8b465ee728b)
Start importing Assets/2DGamekit/Art/Sprites/Environment/ParallaxCaves/CavesMG01.png using Guid(b76aa331eaf5bcb428b58fabf8e5008a) Importer(815301076,1909f56bfc062723c751e8b465ee728b)  -> (artifact id: '929ef5bf84e3b9f75f5f0b58abcf2dd4') in 0.025157 seconds
  Import took 0.028840 seconds .

========================================================================
Received Import Request.
  Time since last request: 0.000265 seconds.
  path: Assets/2DGamekit/Art/Sprites/Environment/ParallaxCaves/CavesFG02.png
  artifactKey: Guid(ffd4bbd5542733e43896c59f7b369543) Importer(815301076,1909f56bfc062723c751e8b465ee728b)
Start importing Assets/2DGamekit/Art/Sprites/Environment/ParallaxCaves/CavesFG02.png using Guid(ffd4bbd5542733e43896c59f7b369543) Importer(815301076,1909f56bfc062723c751e8b465ee728b)  -> (artifact id: 'ca686a1ee0e59cef75f38bb30dd4ed4f') in 0.025751 seconds
  Import took 0.030469 seconds .

========================================================================
Received Import Request.
  Time since last request: 0.000308 seconds.
  path: Assets/2DGamekit/Art/Sprites/Environment/ParallaxCaves/CavesFGMask03.png
  artifactKey: Guid(3e8e56145e29c394f9861ce66c2bbe0a) Importer(815301076,1909f56bfc062723c751e8b465ee728b)
Start importing Assets/2DGamekit/Art/Sprites/Environment/ParallaxCaves/CavesFGMask03.png using Guid(3e8e56145e29c394f9861ce66c2bbe0a) Importer(815301076,1909f56bfc062723c751e8b465ee728b)  -> (artifact id: '917d83b9e93ce362db2c0752c4c92ecb') in 0.024110 seconds
  Import took 0.028276 seconds .

========================================================================
Received Import Request.
  Time since last request: 0.000373 seconds.
  path: Assets/2DGamekit/Art/Sprites/Environment/ParallaxCaves/CavesMG04.png
  artifactKey: Guid(1056549ac5cc50c46b0083822c8cadcf) Importer(815301076,1909f56bfc062723c751e8b465ee728b)
Start importing Assets/2DGamekit/Art/Sprites/Environment/ParallaxCaves/CavesMG04.png using Guid(1056549ac5cc50c46b0083822c8cadcf) Importer(815301076,1909f56bfc062723c751e8b465ee728b)  -> (artifact id: '630f4e256d9eef8ca6afb837af42bdbd') in 0.032643 seconds
  Import took 0.037013 seconds .

========================================================================
Received Import Request.
  Time since last request: 0.000249 seconds.
  path: Assets/2DGamekit/Art/Sprites/Environment/ParallaxCaves/CavesMG02.png
  artifactKey: Guid(403cfbf9c6b20bb4dbfca621f0b8a31c) Importer(815301076,1909f56bfc062723c751e8b465ee728b)
Start importing Assets/2DGamekit/Art/Sprites/Environment/ParallaxCaves/CavesMG02.png using Guid(403cfbf9c6b20bb4dbfca621f0b8a31c) Importer(815301076,1909f56bfc062723c751e8b465ee728b)  -> (artifact id: '50e1df44ba6b6a800223a1804026d7dd') in 0.024355 seconds
  Import took 0.028921 seconds .

========================================================================
Received Import Request.
  Time since last request: 0.000281 seconds.
  path: Assets/2DGamekit/Art/Sprites/Environment/ParallaxCaves/CavesFG01.png
  artifactKey: Guid(a62753b01e9a12149816790ea837457a) Importer(815301076,1909f56bfc062723c751e8b465ee728b)
Start importing Assets/2DGamekit/Art/Sprites/Environment/ParallaxCaves/CavesFG01.png using Guid(a62753b01e9a12149816790ea837457a) Importer(815301076,1909f56bfc062723c751e8b465ee728b)  -> (artifact id: 'ccfb3fa92f2b9049f26e614fb1af08f9') in 0.025114 seconds
  Import took 0.028876 seconds .

========================================================================
Received Import Request.
  Time since last request: 0.000392 seconds.
  path: Assets/2DGamekit/Art/Sprites/Environment/ParallaxCaves/CavesMG03.png
  artifactKey: Guid(d8d5b15cbb3f5a941bbd5539b5e49be2) Importer(815301076,1909f56bfc062723c751e8b465ee728b)
Start importing Assets/2DGamekit/Art/Sprites/Environment/ParallaxCaves/CavesMG03.png using Guid(d8d5b15cbb3f5a941bbd5539b5e49be2) Importer(815301076,1909f56bfc062723c751e8b465ee728b)  -> (artifact id: 'b04022b386c38de90c371ff1fd399cf5') in 0.023748 seconds
  Import took 0.029990 seconds .

========================================================================
Received Import Request.
  Time since last request: 0.000268 seconds.
  path: Assets/2DGamekit/Art/Sprites/Environment/ParallaxCaves/CavesFGMask01.png
  artifactKey: Guid(c34ca32aad53f4f43afeea982175a8b5) Importer(815301076,1909f56bfc062723c751e8b465ee728b)
Start importing Assets/2DGamekit/Art/Sprites/Environment/ParallaxCaves/CavesFGMask01.png using Guid(c34ca32aad53f4f43afeea982175a8b5) Importer(815301076,1909f56bfc062723c751e8b465ee728b)  -> (artifact id: 'a31e5e0511dc970b7c3003a99de7dee3') in 0.034154 seconds
  Import took 0.039319 seconds .

========================================================================
Received Import Request.
  Time since last request: 0.000246 seconds.
  path: Assets/2DGamekit/Art/Sprites/Environment/ParallaxCaves/CavesFG03.png
  artifactKey: Guid(c8e56c3853fc6234ca23bd3f61af4681) Importer(815301076,1909f56bfc062723c751e8b465ee728b)
Start importing Assets/2DGamekit/Art/Sprites/Environment/ParallaxCaves/CavesFG03.png using Guid(c8e56c3853fc6234ca23bd3f61af4681) Importer(815301076,1909f56bfc062723c751e8b465ee728b)  -> (artifact id: 'b999d420f706f56646355f054cceeb79') in 0.032820 seconds
  Import took 0.036513 seconds .

========================================================================
Received Import Request.
  Time since last request: 0.000261 seconds.
  path: Assets/2DGamekit/Art/Sprites/Environment/ParallaxCaves/CavesBG02.png
  artifactKey: Guid(4b5666aaf8525fd41b81d7746d12fb32) Importer(815301076,1909f56bfc062723c751e8b465ee728b)
Start importing Assets/2DGamekit/Art/Sprites/Environment/ParallaxCaves/CavesBG02.png using Guid(4b5666aaf8525fd41b81d7746d12fb32) Importer(815301076,1909f56bfc062723c751e8b465ee728b)  -> (artifact id: 'eeacf7976aaec7643f30bd9453ad2434') in 0.032340 seconds
  Import took 0.036068 seconds .

========================================================================
Received Prepare
Registering precompiled user dll's ...
Registered in 0.002529 seconds.
Begin MonoManager ReloadAssembly
Native extension for WindowsStandalone target not found
Native extension for WebGL target not found
Refreshing native plugins compatible for Editor in 0.55 ms, found 1 plugins.
Preloading 0 native plugins for Editor in 0.00 ms.
Invoked RoslynAnalysisRunner static constructor.
RoslynAnalysisRunner will not be running.
RoslynAnalysisRunner has terminated.
Mono: successfully reloaded assembly
- Completed reload, in  0.862 seconds
Platform modules already initialized, skipping
Refreshing native plugins compatible for Editor in 0.58 ms, found 1 plugins.
Preloading 0 native plugins for Editor in 0.00 ms.
Unloading 2226 Unused Serialized files (Serialized files now loaded: 0)
System memory in use before: 109.9 MB.
System memory in use after: 110.0 MB.

Unloading 13 unused Assets to reduce memory usage. Loaded Objects now: 3139.
Total: 2.644600 ms (FindLiveObjects: 0.342200 ms CreateObjectMapping: 0.122100 ms MarkObjects: 2.078700 ms  DeleteObjects: 0.100600 ms)

========================================================================
Received Import Request.
  Time since last request: 261.322070 seconds.
  path: Assets/2DGamekit/Art/Sprites/Environment/Tilesets
  artifactKey: Guid(5a199d0afe6c7844aadb989216f9bcd0) Importer(815301076,1909f56bfc062723c751e8b465ee728b)
Start importing Assets/2DGamekit/Art/Sprites/Environment/Tilesets using Guid(5a199d0afe6c7844aadb989216f9bcd0) Importer(815301076,1909f56bfc062723c751e8b465ee728b)  -> (artifact id: '570477eb0e532ca8ae4e9e0ecb77545f') in 0.012496 seconds
  Import took 0.016775 seconds .

========================================================================
Received Import Request.
  Time since last request: 0.052624 seconds.
  path: Assets/2DGamekit/Art/Sprites/Environment/Tilesets/Tileset_Alien.png
  artifactKey: Guid(05f0bf62dcfb65a4ebd0402151fc3c11) Importer(815301076,1909f56bfc062723c751e8b465ee728b)
Start importing Assets/2DGamekit/Art/Sprites/Environment/Tilesets/Tileset_Alien.png using Guid(05f0bf62dcfb65a4ebd0402151fc3c11) Importer(815301076,1909f56bfc062723c751e8b465ee728b)  -> (artifact id: '70a62e6f0308f70e8626341b8b819eec') in 0.347240 seconds
  Import took 0.355091 seconds .

========================================================================
Received Import Request.
  Time since last request: 0.000338 seconds.
  path: Assets/2DGamekit/Art/Sprites/Environment/Tilesets/Tileset_Rock_Normal.png
  artifactKey: Guid(a2a205aeb5f813046aa0a5f7da43d51d) Importer(815301076,1909f56bfc062723c751e8b465ee728b)
Start importing Assets/2DGamekit/Art/Sprites/Environment/Tilesets/Tileset_Rock_Normal.png using Guid(a2a205aeb5f813046aa0a5f7da43d51d) Importer(815301076,1909f56bfc062723c751e8b465ee728b)  -> (artifact id: 'f87c31fd6df35c864b513735e0d5ed53') in 0.020631 seconds
  Import took 0.024637 seconds .

========================================================================
Received Import Request.
  Time since last request: 0.000298 seconds.
  path: Assets/2DGamekit/Art/Sprites/Environment/Tilesets/TilesetRock_WaterBlockers.png
  artifactKey: Guid(19ddc710aa1f2fd44bfe558f9bcf95f7) Importer(815301076,1909f56bfc062723c751e8b465ee728b)
Start importing Assets/2DGamekit/Art/Sprites/Environment/Tilesets/TilesetRock_WaterBlockers.png using Guid(19ddc710aa1f2fd44bfe558f9bcf95f7) Importer(815301076,1909f56bfc062723c751e8b465ee728b)  -> (artifact id: '18b15efe1eeaca0583a025e7e4b1043e') in 0.049313 seconds
  Import took 0.055326 seconds .

========================================================================
Received Import Request.
  Time since last request: 0.000297 seconds.
  path: Assets/2DGamekit/Art/Sprites/Environment/Tilesets/TilesetRock_WaterBlockers_Normals.png
  artifactKey: Guid(b501bd5d6c84d2543908bf2a0b643733) Importer(815301076,1909f56bfc062723c751e8b465ee728b)
Start importing Assets/2DGamekit/Art/Sprites/Environment/Tilesets/TilesetRock_WaterBlockers_Normals.png using Guid(b501bd5d6c84d2543908bf2a0b643733) Importer(815301076,1909f56bfc062723c751e8b465ee728b)  -> (artifact id: 'a9ee324d367d436ac008335ec7dfc907') in 0.035325 seconds
  Import took 0.038648 seconds .

========================================================================
Received Import Request.
  Time since last request: 0.000275 seconds.
  path: Assets/2DGamekit/Art/Sprites/Environment/Tilesets/Tileset_Rock.png
  artifactKey: Guid(6e1db66fc7e57884380659e0a55351f0) Importer(815301076,1909f56bfc062723c751e8b465ee728b)
Start importing Assets/2DGamekit/Art/Sprites/Environment/Tilesets/Tileset_Rock.png using Guid(6e1db66fc7e57884380659e0a55351f0) Importer(815301076,1909f56bfc062723c751e8b465ee728b)  -> (artifact id: '46dda8745c5b56b4f89717237e8c180e') in 0.367108 seconds
  Import took 0.374778 seconds .

========================================================================
Received Import Request.
  Time since last request: 0.000274 seconds.
  path: Assets/2DGamekit/Art/Sprites/Environment/Tilesets/Tileset_Alien_Normal.png
  artifactKey: Guid(006db1cacab857d4d94ef991081e7977) Importer(815301076,1909f56bfc062723c751e8b465ee728b)
Start importing Assets/2DGamekit/Art/Sprites/Environment/Tilesets/Tileset_Alien_Normal.png using Guid(006db1cacab857d4d94ef991081e7977) Importer(815301076,1909f56bfc062723c751e8b465ee728b)  -> (artifact id: '2ba4aae0fb9f71bbc204307e60ef5ab2') in 0.036816 seconds
  Import took 0.040780 seconds .

========================================================================
Received Import Request.
  Time since last request: 12.921232 seconds.
  path: Assets/2DGamekit/Art/Animations
  artifactKey: Guid(60d6468d5df18ac4cbc21a0a30b6854c) Importer(815301076,1909f56bfc062723c751e8b465ee728b)
Start importing Assets/2DGamekit/Art/Animations using Guid(60d6468d5df18ac4cbc21a0a30b6854c) Importer(815301076,1909f56bfc062723c751e8b465ee728b)  -> (artifact id: '88988639242f2bb9428d1db3972bbbfb') in 0.008677 seconds
  Import took 0.022798 seconds .

========================================================================
Received Import Request.
  Time since last request: 4.402293 seconds.
  path: Assets/2DGamekit/Art/Animations/Animators
  artifactKey: Guid(601ccccb77dc7244b8998ed192d735fa) Importer(815301076,1909f56bfc062723c751e8b465ee728b)
Start importing Assets/2DGamekit/Art/Animations/Animators using Guid(601ccccb77dc7244b8998ed192d735fa) Importer(815301076,1909f56bfc062723c751e8b465ee728b)  -> (artifact id: 'e120b57ef5f60ab24bca4bd0e5a98d8f') in 0.009255 seconds
  Import took 0.012935 seconds .

========================================================================
Received Import Request.
  Time since last request: 280.312545 seconds.
  path: Assets/BracerDavidNewScene1Settings.lighting
  artifactKey: Guid(251de61caa7b3f34fae07881b15eb0fa) Importer(815301076,1909f56bfc062723c751e8b465ee728b)
Start importing Assets/BracerDavidNewScene1Settings.lighting using Guid(251de61caa7b3f34fae07881b15eb0fa) Importer(815301076,1909f56bfc062723c751e8b465ee728b) LightingSettings: switching bake backend from 1 to 0.
 -> (artifact id: '1ffa73ce49a84ba66231c25ec84ecc51') in 0.010544 seconds
  Import took 0.015874 seconds .

========================================================================
Received Import Request.
  Time since last request: 0.008484 seconds.
  path: Assets/BracerDavidNewScene1Settings.lighting
  artifactKey: Guid(251de61caa7b3f34fae07881b15eb0fa) Importer(815301076,1909f56bfc062723c751e8b465ee728b)
Start importing Assets/BracerDavidNewScene1Settings.lighting using Guid(251de61caa7b3f34fae07881b15eb0fa) Importer(815301076,1909f56bfc062723c751e8b465ee728b) LightingSettings: switching bake backend from 1 to 0.
 -> (artifact id: '1ffa73ce49a84ba66231c25ec84ecc51') in 0.003927 seconds
  Import took 0.007810 seconds .

========================================================================
Received Prepare
Registering precompiled user dll's ...
Registered in 0.007776 seconds.
Begin MonoManager ReloadAssembly
Native extension for WindowsStandalone target not found
Native extension for WebGL target not found
Refreshing native plugins compatible for Editor in 1.34 ms, found 1 plugins.
Preloading 0 native plugins for Editor in 0.00 ms.
Invoked RoslynAnalysisRunner static constructor.
RoslynAnalysisRunner will not be running.
RoslynAnalysisRunner has terminated.
Mono: successfully reloaded assembly
- Completed reload, in  1.698 seconds
Platform modules already initialized, skipping
Refreshing native plugins compatible for Editor in 0.56 ms, found 1 plugins.
Preloading 0 native plugins for Editor in 0.00 ms.
Unloading 2226 Unused Serialized files (Serialized files now loaded: 0)
System memory in use before: 110.0 MB.
System memory in use after: 110.1 MB.

Unloading 13 unused Assets to reduce memory usage. Loaded Objects now: 3145.
Total: 2.558200 ms (FindLiveObjects: 0.303800 ms CreateObjectMapping: 0.091600 ms MarkObjects: 2.053300 ms  DeleteObjects: 0.108400 ms)

========================================================================
Received Prepare
Registering precompiled user dll's ...
Registered in 0.001586 seconds.
Begin MonoManager ReloadAssembly
Native extension for WindowsStandalone target not found
Native extension for WebGL target not found
Refreshing native plugins compatible for Editor in 0.55 ms, found 1 plugins.
Preloading 0 native plugins for Editor in 0.00 ms.
Invoked RoslynAnalysisRunner static constructor.
RoslynAnalysisRunner will not be running.
RoslynAnalysisRunner has terminated.
Mono: successfully reloaded assembly
- Completed reload, in  0.849 seconds
Platform modules already initialized, skipping
Refreshing native plugins compatible for Editor in 0.56 ms, found 1 plugins.
Preloading 0 native plugins for Editor in 0.00 ms.
Unloading 2226 Unused Serialized files (Serialized files now loaded: 0)
System memory in use before: 110.1 MB.
System memory in use after: 110.2 MB.

Unloading 13 unused Assets to reduce memory usage. Loaded Objects now: 3149.
Total: 2.241800 ms (FindLiveObjects: 0.290700 ms CreateObjectMapping: 0.118100 ms MarkObjects: 1.725300 ms  DeleteObjects: 0.106700 ms)

========================================================================
Received Prepare
Registering precompiled user dll's ...
Registered in 0.001468 seconds.
Begin MonoManager ReloadAssembly
Native extension for WindowsStandalone target not found
Native extension for WebGL target not found
Refreshing native plugins compatible for Editor in 0.69 ms, found 1 plugins.
Preloading 0 native plugins for Editor in 0.00 ms.
Invoked RoslynAnalysisRunner static constructor.
RoslynAnalysisRunner will not be running.
RoslynAnalysisRunner has terminated.
Mono: successfully reloaded assembly
- Completed reload, in  0.849 seconds
Platform modules already initialized, skipping
Refreshing native plugins compatible for Editor in 0.61 ms, found 1 plugins.
Preloading 0 native plugins for Editor in 0.00 ms.
Unloading 2226 Unused Serialized files (Serialized files now loaded: 0)
System memory in use before: 110.1 MB.
System memory in use after: 110.2 MB.

Unloading 13 unused Assets to reduce memory usage. Loaded Objects now: 3153.
Total: 2.479200 ms (FindLiveObjects: 0.333600 ms CreateObjectMapping: 0.113800 ms MarkObjects: 1.919800 ms  DeleteObjects: 0.110600 ms)

AssetImportWorkerClient::OnTransportError - code=2 error=End of file
